Release 14.7 - xst P.20131013 (nt64)
Copyright (c) 1995-2013 Xilinx, Inc.  All rights reserved.
--> Parameter TMPDIR set to xst/projnav.tmp


Total REAL time to Xst completion: 0.00 secs
Total CPU time to Xst completion: 0.20 secs
 
--> Parameter xsthdpdir set to xst


Total REAL time to Xst completion: 0.00 secs
Total CPU time to Xst completion: 0.20 secs
 
--> Reading design: mips.prj

TABLE OF CONTENTS
  1) Synthesis Options Summary
  2) HDL Parsing
  3) HDL Elaboration
  4) HDL Synthesis
       4.1) HDL Synthesis Report
  5) Advanced HDL Synthesis
       5.1) Advanced HDL Synthesis Report
  6) Low Level Synthesis
  7) Partition Report
  8) Design Summary
       8.1) Primitive and Black Box Usage
       8.2) Device utilization summary
       8.3) Partition Resource Summary
       8.4) Timing Report
            8.4.1) Clock Information
            8.4.2) Asynchronous Control Signals Information
            8.4.3) Timing Summary
            8.4.4) Timing Details
            8.4.5) Cross Clock Domains Report


=========================================================================
*                      Synthesis Options Summary                        *
=========================================================================
---- Source Parameters
Input File Name                    : "mips.prj"
Ignore Synthesis Constraint File   : NO

---- Target Parameters
Output File Name                   : "mips"
Output Format                      : NGC
Target Device                      : xc6slx100-2-fgg676

---- Source Options
Top Module Name                    : mips
Automatic FSM Extraction           : YES
FSM Encoding Algorithm             : Auto
Safe Implementation                : No
FSM Style                          : LUT
RAM Extraction                     : Yes
RAM Style                          : Auto
ROM Extraction                     : Yes
Shift Register Extraction          : YES
ROM Style                          : Auto
Resource Sharing                   : YES
Asynchronous To Synchronous        : NO
Shift Register Minimum Size        : 2
Use DSP Block                      : Auto
Automatic Register Balancing       : No

---- Target Options
LUT Combining                      : Auto
Reduce Control Sets                : Auto
Add IO Buffers                     : YES
Global Maximum Fanout              : 100000
Add Generic Clock Buffer(BUFG)     : 16
Register Duplication               : YES
Optimize Instantiated Primitives   : NO
Use Clock Enable                   : Auto
Use Synchronous Set                : Auto
Use Synchronous Reset              : Auto
Pack IO Registers into IOBs        : Auto
Equivalent register Removal        : YES

---- General Options
Optimization Goal                  : Speed
Optimization Effort                : 1
Power Reduction                    : NO
Keep Hierarchy                     : No
Netlist Hierarchy                  : As_Optimized
RTL Output                         : Yes
Global Optimization                : AllClockNets
Read Cores                         : YES
Write Timing Constraints           : NO
Cross Clock Analysis               : NO
Hierarchy Separator                : /
Bus Delimiter                      : <>
Case Specifier                     : Maintain
Slice Utilization Ratio            : 100
BRAM Utilization Ratio             : 100
DSP48 Utilization Ratio            : 100
Auto BRAM Packing                  : NO
Slice Utilization Ratio Delta      : 5

=========================================================================


=========================================================================
*                          HDL Parsing                                  *
=========================================================================
Analyzing Verilog file "C:\Users\hp\Desktop\CPU2\CPU2\PC.v" into library work
Parsing module <PC>.
Analyzing Verilog file "C:\Users\hp\Desktop\CPU2\CPU2\NPC.v" into library work
Parsing module <NPC>.
Analyzing Verilog file "C:\Users\hp\Desktop\CPU2\CPU2\IM.v" into library work
Parsing module <IM>.
Analyzing Verilog file "C:\Users\hp\Desktop\CPU2\CPU2\GRF.v" into library work
Parsing module <GRF>.
Analyzing Verilog file "C:\Users\hp\Desktop\CPU2\CPU2\EXT.v" into library work
Parsing module <EXT>.
Analyzing Verilog file "C:\Users\hp\Desktop\CPU2\CPU2\DM.v" into library work
Parsing module <DM>.
Analyzing Verilog file "C:\Users\hp\Desktop\CPU2\CPU2\Control.v" into library work
Parsing module <Control>.
Analyzing Verilog file "C:\Users\hp\Desktop\CPU2\CPU2\ALU_Control.v" into library work
Parsing module <ALU_Control>.
Analyzing Verilog file "C:\Users\hp\Desktop\CPU2\CPU2\ALU.v" into library work
Parsing module <ALU>.
Analyzing Verilog file "C:\Users\hp\Desktop\CPU2\CPU2\mips.v" into library work
Parsing module <mips>.

=========================================================================
*                            HDL Elaboration                            *
=========================================================================

Elaborating module <mips>.

Elaborating module <PC>.

Elaborating module <IM>.
Reading initialization file \"code.txt\".
WARNING:HDLCompiler:1670 - "C:\Users\hp\Desktop\CPU2\CPU2\IM.v" Line 35: Signal <instruction_set> in initial block is partially initialized.

Elaborating module <Control>.
WARNING:HDLCompiler:1127 - "C:\Users\hp\Desktop\CPU2\CPU2\mips.v" Line 74: Assignment to MemRead ignored, since the identifier is never used

Elaborating module <ALU_Control>.

Elaborating module <EXT>.

Elaborating module <ALU>.
WARNING:HDLCompiler:413 - "C:\Users\hp\Desktop\CPU2\CPU2\mips.v" Line 119: Result of 32-bit expression is truncated to fit in 5-bit target.

Elaborating module <GRF>.
"C:\Users\hp\Desktop\CPU2\CPU2\GRF.v" Line 60. $display @0: $0 <= 0

Elaborating module <DM>.
"C:\Users\hp\Desktop\CPU2\CPU2\DM.v" Line 50. $display @0: *0 <= 0
ERROR:HDLCompiler:1511 - "C:\Users\hp\Desktop\CPU2\CPU2\DM.v" Line 31: Mix of blocking and non-blocking assignments to variable <DataMem> is not a recommended coding practice.
INFO - You can change the severity of this error message to warning using switch -change_error_to_warning "HDLCompiler:1511"
Module DM remains a blackbox, due to errors in its contents
WARNING:HDLCompiler:1499 - "C:\Users\hp\Desktop\CPU2\CPU2\DM.v" Line 21: Empty module <DM> remains a black box.

Elaborating module <NPC>.
--> 

Total memory usage is 5551048 kilobytes

Number of errors   :    1 (   0 filtered)
Number of warnings :    4 (   0 filtered)
Number of infos    :    0 (   0 filtered)

