ISim log file
Running: /home/co-eda/Desktop/CPU7/mips_txt_isim_beh.exe -intstyle ise -gui -tclbatch isim.cmd -wdb /home/co-eda/Desktop/CPU7/mips_txt_isim_beh.wdb 
ISim P.20131013 (signature 0xfbc00daa)
----------------------------------------------------------------------
WARNING:Security:42 - Your software subscription period has lapsed. Your current version of Xilinx tools will continue to function, but you no longer qualify for Xilinx software updates or new releases.


----------------------------------------------------------------------
This is a Full version of ISim.
Time resolution is 1 ps
# onerror resume
# wave add /
# run 1000 ns
Simulator is doing circuit initialization process.
Finished circuit initialization process.
                  38@00003000: $ 1 <= ffff0000
                  42@00003004: $ 1 <= fffffc01
                  50@0000300c: $ 2 <= ffff0000
                  70@00004180: $26 <= 00001000
                  74@00004184: $27 <= 00003010
                  78@00004188: $27 <= 0000007c
                  82@0000418c: $26 <= 00000000
                  98@000041a8: $27 <= 00002137
                 110@00003010: $ 2 <= ffff1234
                 130@00004180: $26 <= 00001000
                 134@00004184: $27 <= 00003014
                 138@00004188: $27 <= 0000007c
                 142@0000418c: $26 <= 00000000
                 158@000041a8: $27 <= 00002137
                 166@00003014: *00000000 <= ffff1234
                 174@00003018: $ 3 <= 0000fc01
                 194@00004180: $26 <= 00001000
                 198@00004184: $27 <= 0000301c
                 202@00004188: $27 <= 0000007c
                 206@0000418c: $26 <= 00000000
                 222@000041a8: $27 <= 00002137
                 254@00004180: $26 <= 00001000
                 258@00004184: $27 <= 00003020
                 262@00004188: $27 <= 0000007c
                 266@0000418c: $26 <= 00000000
                 282@000041a8: $27 <= 00002137
                 294@00003020: $ 4 <= ffff1234
                 298@00003024: $ 5 <= ffff1234
                 318@00004180: $26 <= 00001000
                 322@00004184: $27 <= 00003028
                 326@00004188: $27 <= 0000007c
                 330@0000418c: $26 <= 00000000
                 346@000041a8: $27 <= 00002137
                 358@00003028: $ 6 <= fffe2468
                 362@0000302c: $ 7 <= 7fff0000
                 366@00003030: $ 8 <= 7fff0000
                 386@00004180: $26 <= 00001000
                 390@00004184: $27 <= 00003034
                 394@00004188: $27 <= 0000007c
                 398@0000418c: $26 <= 00000000
                 414@000041a8: $27 <= 00002137
                 446@00004180: $26 <= 80001000
                 450@00004184: $27 <= 00003034
                 454@00004188: $27 <= 0000007c
                 458@0000418c: $26 <= 00000000
                 474@000041a8: $27 <= 00002137
                 506@00004180: $26 <= 80000030
                 510@00004184: $27 <= 00003034
                 514@00004188: $27 <= 0000007c
                 518@0000418c: $26 <= 00000030
                 534@00004198: $26 <= 00003034
                 542@0000419c: $26 <= 00003038
                 574@00004180: $26 <= 80000030
                 578@00004184: $27 <= 00003034
                 582@00004188: $27 <= 0000007c
                 586@0000418c: $26 <= 00000030
                 602@00004198: $26 <= 00003034
                 610@0000419c: $26 <= 00003038
                 642@00004180: $26 <= 80000030
                 646@00004184: $27 <= 00003034
                 650@00004188: $27 <= 0000007c
                 654@0000418c: $26 <= 00000030
                 670@00004198: $26 <= 00003034
                 678@0000419c: $26 <= 00003038
                 710@00004180: $26 <= 80000030
                 714@00004184: $27 <= 00003034
                 718@00004188: $27 <= 0000007c
                 722@0000418c: $26 <= 00000030
                 738@00004198: $26 <= 00003034
                 746@0000419c: $26 <= 00003038
                 778@00004180: $26 <= 80000030
                 782@00004184: $27 <= 00003034
                 786@00004188: $27 <= 0000007c
                 790@0000418c: $26 <= 00000030
                 806@00004198: $26 <= 00003034
                 814@0000419c: $26 <= 00003038
                 846@00004180: $26 <= 80000030
                 850@00004184: $27 <= 00003034
                 854@00004188: $27 <= 0000007c
                 858@0000418c: $26 <= 00000030
                 874@00004198: $26 <= 00003034
                 882@0000419c: $26 <= 00003038
                 914@00004180: $26 <= 80000030
                 918@00004184: $27 <= 00003034
                 922@00004188: $27 <= 0000007c
                 926@0000418c: $26 <= 00000030
                 942@00004198: $26 <= 00003034
                 950@0000419c: $26 <= 00003038
                 982@00004180: $26 <= 80000030
                 986@00004184: $27 <= 00003034
                 990@00004188: $27 <= 0000007c
                 994@0000418c: $26 <= 00000030
# exit 0
